Arguments: 
  C:\Program Files\nodejs\node.exe C:\Users\MD SAHJALAL\AppData\Roaming\npm\node_modules\yarn\bin\yarn.js add -D lint-stage

PATH: 
  C:\Users\MD SAHJALAL\bin;C:\Program Files\Git\mingw64\bin;C:\Program Files\Git\usr\local\bin;C:\Program Files\Git\usr\bin;C:\Program Files\Git\usr\bin;C:\Program Files\Git\mingw64\bin;C:\Program Files\Git\usr\bin;C:\Users\MD SAHJALAL\bin;C:\Windows\system32;C:\Windows;C:\Windows\System32\Wbem;C:\Windows\System32\WindowsPowerShell\v1.0;C:\Windows\System32\OpenSSH;C:\ProgramData\chocolatey\bin;C:\Program Files\Git\cmd;%NVM_HOME%;%NVM_SYMLINK%;C:\Users\MD SAHJALAL\AppData\Local\Microsoft\WindowsApps;C:\Users\MD SAHJALAL\AppData\Roaming\npm;C:\Users\MD SAHJALAL\AppData\Local\Programs\Microsoft VS Code\bin;C:\Users\MD SAHJALAL\AppData\Roaming\nvm;C:\Program Files\nodejs;C:\Program Files\Git\usr\bin\vendor_perl;C:\Program Files\Git\usr\bin\core_perl

Yarn version: 
  1.22.19

Node version: 
  18.12.1

Platform: 
  win32 x64

Trace: 
  Error: https://registry.yarnpkg.com/lint-stage: Not found
      at params.callback [as _callback] (C:\Users\MD SAHJALAL\AppData\Roaming\npm\node_modules\yarn\lib\cli.js:66145:18)
      at self.callback (C:\Users\MD SAHJALAL\AppData\Roaming\npm\node_modules\yarn\lib\cli.js:140890:22)
      at Request.emit (node:events:513:28)
      at Request.<anonymous> (C:\Users\MD SAHJALAL\AppData\Roaming\npm\node_modules\yarn\lib\cli.js:141862:10)
      at Request.emit (node:events:513:28)
      at IncomingMessage.<anonymous> (C:\Users\MD SAHJALAL\AppData\Roaming\npm\node_modules\yarn\lib\cli.js:141784:12)
      at Object.onceWrapper (node:events:627:28)
      at IncomingMessage.emit (node:events:525:35)
      at endReadableNT (node:internal/streams/readable:1359:12)
      at process.processTicksAndRejections (node:internal/process/task_queues:82:21)

npm manifest: 
  {
    "name": "univercity-management-auth-service",
    "version": "1.0.0",
    "description": "",
    "main": "src/server.ts",
    "scripts": {
      "start": "ts-node-dev --respawn --transpile-only src/server.ts",
      "lint:check": "eslint --ignore-path .eslintignore --ext .js,.ts .",
      "lint:fix": "eslint --fix",
      "prettier:check": "prettier --ignore-path .gitignore --write \"**/*.+(js|ts|json)\"",
      "lint-prettier": "yarn lint:check && yarn prettier:check",
      "test": "echo \"Error: no test specified\" && exit 1",
      "prepare": "husky install"
    },
    "author": "abir",
    "license": "ISC",
    "lint-staged": {
      "src/**/*.ts": "yarn lint-prettier"
    },
    "devDependencies": {
      "@types/cors": "^2.8.13",
      "@types/express": "^4.17.17",
      "@typescript-eslint/eslint-plugin": "^5.59.8",
      "@typescript-eslint/parser": "^5.59.8",
      "eslint": "^8.41.0",
      "eslint-config-prettier": "^8.8.0",
      "prettier": "^2.8.8",
      "ts-node-dev": "^2.0.0",
      "typescript": "^5.0.4",
      "husky": "^8.0.0"
    },
    "dependencies": {
      "cors": "^2.8.5",
      "dotenv": "^16.1.3",
      "express": "^4.18.2",
      "mongoose": "^7.2.1"
    }
  }

yarn manifest: 
  No manifest

Lockfile: 
  No lockfile
