Tue Jun 13 2023 9:25:38 [PH] error: faild to connect database querySrv ESERVFAIL _mongodb._tcp.cluster0.7eooxat.mongodb.net
Tue Jun 13 2023 9:26:18 [PH] error: globalErrorHandler ~~ [
  {
    "code": "invalid_type",
    "expected": "string",
    "received": "undefined",
    "path": [
      "body",
      "role"
    ],
    "message": "role is required"
  }
]
Tue Jun 13 2023 9:54:57 [PH] error: globalErrorHandler ~~ [
  {
    "code": "invalid_type",
    "expected": "string",
    "received": "undefined",
    "path": [
      "body",
      "role"
    ],
    "message": "role is required"
  }
]
Tue Jun 13 2023 9:55:30 [PH] error: globalErrorHandler ~~ [
  {
    "code": "invalid_type",
    "expected": "string",
    "received": "undefined",
    "path": [
      "body",
      "role"
    ],
    "message": "role is required"
  }
]
