{"level":"info","message":"data base is connected successfully","service":"user-service"}
{"level":"info","message":"Application listening on port 5000","service":"user-service"}
{"level":"info","message":"data base is connected successfully","service":"user-service"}
{"level":"info","message":"Application listening on port 5000","service":"user-service"}
{"level":"info","message":"data base is connected successfully","service":"user-service"}
{"level":"info","message":"Application listening on port 5000","service":"user-service"}
{"level":"info","message":"data base is connected successfully","service":"user-service"}
{"level":"info","message":"Application listening on port 5000","service":"user-service"}
{"level":"info","message":"data base is connected successfully","service":"user-service"}
{"level":"info","message":"Application listening on port undefined","service":"user-service"}
{"level":"info","message":"data base is connected successfully","service":"user-service"}
{"level":"info","message":"Application listening on port undefined","service":"user-service"}
{"level":"info","message":"data base is connected successfully","service":"user-service"}
{"level":"info","message":"Application listening on port 5000","service":"user-service"}
{"level":"info","message":"data base is connected successfully","service":"user-service"}
{"level":"info","message":"Application listening on port 5000","service":"user-service"}
{"level":"info","message":"data base is connected successfully","service":"user-service"}
{"level":"info","message":"Application listening on port 5000","service":"user-service"}
{"level":"info","message":"data base is connected successfully","service":"user-service"}
{"level":"info","message":"Application listening on port 5000","service":"user-service"}
{"level":"info","message":"data base is connected successfully","service":"user-service"}
{"level":"info","message":"Application listening on port 5000","service":"user-service"}
2023-06-11T04:51:54.999Z [right meow!] info: data base is connected successfully
2023-06-11T04:51:55.006Z [right meow!] info: Application listening on port 5000
